
SQL*Loader: Release 12.2.0.1.0 - Production on Wed Apr 17 04:44:57 2019

Copyright (c) 1982, 2017, Oracle and/or its affiliates.  All rights reserved.

Control File:   loader6.ctl
Data File:      manages.csv
  Bad File:     manages.bad
  Discard File:  none specified
 
 (Allow all discards)

Number to load: ALL
Number to skip: 0
Errors allowed: 50
Bind array:     64 rows, maximum of 256000 bytes
Continuation:    none specified
Path used:      Conventional

Table MANAGES, loaded from every logical record.
Insert option in effect for this table: INSERT

   Column Name                  Position   Len  Term Encl Datatype
------------------------------ ---------- ----- ---- ---- ---------------------
EMPLOYEEID                          FIRST     *   ,       CHARACTER            
MANAGERID                            NEXT     *   ,       CHARACTER            

Record 1: Rejected - Error on table MANAGES, column EMPLOYEEID.
Field in data file exceeds maximum length
Record 2: Rejected - Error on table MANAGES, column MANAGERID.
Column not found before end of logical record (use TRAILING NULLCOLS)
Record 6: Rejected - Error on table MANAGES, column MANAGERID.
Column not found before end of logical record (use TRAILING NULLCOLS)
Record 7: Rejected - Error on table MANAGES, column MANAGERID.
Column not found before end of logical record (use TRAILING NULLCOLS)
Record 3: Rejected - Error on table MANAGES, column MANAGERID.
ORA-01722: invalid number

Record 4: Rejected - Error on table MANAGES, column MANAGERID.
ORA-01722: invalid number

Record 5: Rejected - Error on table MANAGES, column MANAGERID.
ORA-01722: invalid number

Record 8: Rejected - Error on table MANAGES, column EMPLOYEEID.
Field in data file exceeds maximum length

Table MANAGES:
  0 Rows successfully loaded.
  8 Rows not loaded due to data errors.
  0 Rows not loaded because all WHEN clauses were failed.
  0 Rows not loaded because all fields were null.


Space allocated for bind array:                  33024 bytes(64 rows)
Read   buffer bytes: 1048576

Total logical records skipped:          0
Total logical records read:             8
Total logical records rejected:         8
Total logical records discarded:        0

Run began on Wed Apr 17 04:44:57 2019
Run ended on Wed Apr 17 04:44:57 2019

Elapsed time was:     00:00:00.12
CPU time was:         00:00:00.03
