
SQL*Loader: Release 12.2.0.1.0 - Production on Wed Apr 17 16:08:10 2019

Copyright (c) 1982, 2017, Oracle and/or its affiliates.  All rights reserved.

Control File:   loader5.ctl
Data File:      schedule.csv
  Bad File:     schedule.bad
  Discard File:  none specified
 
 (Allow all discards)

Number to load: ALL
Number to skip: 0
Errors allowed: 50
Bind array:     64 rows, maximum of 256000 bytes
Continuation:    none specified
Path used:      Conventional

Table SCHEDULE, loaded from every logical record.
Insert option in effect for this table: INSERT

   Column Name                  Position   Len  Term Encl Datatype
------------------------------ ---------- ----- ---- ---- ---------------------
EMPID                               FIRST     *   ,       CHARACTER            
SCHEDID                              NEXT     *   ,       CHARACTER            
SDAY                                 NEXT     *   ,       CHARACTER            
STARTTIME                            NEXT     *   ,       CHARACTER            
ENDTIME                              NEXT     *   ,       CHARACTER            

Record 1: Rejected - Error on table SCHEDULE, column SCHEDID.
ORA-01858: a non-numeric character was found where a numeric was expected

Record 2: Rejected - Error on table SCHEDULE, column SCHEDID.
ORA-01858: a non-numeric character was found where a numeric was expected

Record 3: Rejected - Error on table SCHEDULE, column SCHEDID.
ORA-01858: a non-numeric character was found where a numeric was expected

Record 4: Rejected - Error on table SCHEDULE, column SCHEDID.
ORA-01858: a non-numeric character was found where a numeric was expected

Record 5: Rejected - Error on table SCHEDULE, column SCHEDID.
ORA-01858: a non-numeric character was found where a numeric was expected


Table SCHEDULE:
  0 Rows successfully loaded.
  5 Rows not loaded due to data errors.
  0 Rows not loaded because all WHEN clauses were failed.
  0 Rows not loaded because all fields were null.


Space allocated for bind array:                  82560 bytes(64 rows)
Read   buffer bytes: 1048576

Total logical records skipped:          0
Total logical records read:             5
Total logical records rejected:         5
Total logical records discarded:        0

Run began on Wed Apr 17 16:08:10 2019
Run ended on Wed Apr 17 16:08:10 2019

Elapsed time was:     00:00:00.13
CPU time was:         00:00:00.03
