
SQL*Loader: Release 12.2.0.1.0 - Production on Wed Apr 17 04:40:22 2019

Copyright (c) 1982, 2017, Oracle and/or its affiliates.  All rights reserved.

Control File:   loader3.ctl
Data File:      store.csv
  Bad File:     store.bad
  Discard File:  none specified
 
 (Allow all discards)

Number to load: ALL
Number to skip: 0
Errors allowed: 50
Bind array:     64 rows, maximum of 256000 bytes
Continuation:    none specified
Path used:      Conventional

Table STORE, loaded from every logical record.
Insert option in effect for this table: INSERT

   Column Name                  Position   Len  Term Encl Datatype
------------------------------ ---------- ----- ---- ---- ---------------------
HOURS                               FIRST     *   ,       CHARACTER            
STREET                               NEXT     *   ,       CHARACTER            
CITY                                 NEXT     *   ,       CHARACTER            
SSTATE                               NEXT     *   ,       CHARACTER            
ZIP                                  NEXT     *   ,       CHARACTER            
STORENUM                             NEXT     *   ,       CHARACTER            


Table STORE:
  1 Row successfully loaded.
  0 Rows not loaded due to data errors.
  0 Rows not loaded because all WHEN clauses were failed.
  0 Rows not loaded because all fields were null.


Space allocated for bind array:                  99072 bytes(64 rows)
Read   buffer bytes: 1048576

Total logical records skipped:          0
Total logical records read:             1
Total logical records rejected:         0
Total logical records discarded:        0

Run began on Wed Apr 17 04:40:22 2019
Run ended on Wed Apr 17 04:40:22 2019

Elapsed time was:     00:00:00.40
CPU time was:         00:00:00.03
