
SQL*Loader: Release 12.2.0.1.0 - Production on Wed Apr 17 04:42:46 2019

Copyright (c) 1982, 2017, Oracle and/or its affiliates.  All rights reserved.

Control File:   loader4.ctl
Data File:      customers.csv
  Bad File:     customers.bad
  Discard File:  none specified
 
 (Allow all discards)

Number to load: ALL
Number to skip: 0
Errors allowed: 50
Bind array:     64 rows, maximum of 256000 bytes
Continuation:    none specified
Path used:      Conventional

Table CUSTOMERS, loaded from every logical record.
Insert option in effect for this table: INSERT

   Column Name                  Position   Len  Term Encl Datatype
------------------------------ ---------- ----- ---- ---- ---------------------
REPRESENTATIVE                      FIRST     *   ,       CHARACTER            
PHONENUM                             NEXT     *   ,       CHARACTER            
MNAME                                NEXT     *   ,       CHARACTER            
LNAME                                NEXT     *   ,       CHARACTER            
SSTATE                               NEXT     *   ,       CHARACTER            
STREET                               NEXT     *   ,       CHARACTER            
FNAME                                NEXT     *   ,       CHARACTER            
EMAIL                                NEXT     *   ,       CHARACTER            

Record 1: Rejected - Error on table CUSTOMERS, column REPRESENTATIVE.
Field in data file exceeds maximum length
Record 2: Rejected - Error on table CUSTOMERS, column REPRESENTATIVE.
Field in data file exceeds maximum length
Record 3: Rejected - Error on table CUSTOMERS, column PHONENUM.
Column not found before end of logical record (use TRAILING NULLCOLS)
Record 4: Rejected - Error on table CUSTOMERS, column REPRESENTATIVE.
Field in data file exceeds maximum length
Record 5: Rejected - Error on table CUSTOMERS, column MNAME.
Column not found before end of logical record (use TRAILING NULLCOLS)
Record 6: Rejected - Error on table CUSTOMERS, column STREET.
Column not found before end of logical record (use TRAILING NULLCOLS)
Record 7: Rejected - Error on table CUSTOMERS, column MNAME.
Column not found before end of logical record (use TRAILING NULLCOLS)
Record 8: Rejected - Error on table CUSTOMERS, column PHONENUM.
Field in data file exceeds maximum length
Record 9: Rejected - Error on table CUSTOMERS, column LNAME.
Column not found before end of logical record (use TRAILING NULLCOLS)
Record 10: Rejected - Error on table CUSTOMERS, column REPRESENTATIVE.
Field in data file exceeds maximum length
Record 11: Rejected - Error on table CUSTOMERS, column PHONENUM.
Column not found before end of logical record (use TRAILING NULLCOLS)
Record 13: Rejected - Error on table CUSTOMERS, column LNAME.
Column not found before end of logical record (use TRAILING NULLCOLS)
Record 14: Rejected - Error on table CUSTOMERS, column PHONENUM.
Column not found before end of logical record (use TRAILING NULLCOLS)
Record 15: Rejected - Error on table CUSTOMERS, column MNAME.
Field in data file exceeds maximum length
Record 16: Rejected - Error on table CUSTOMERS, column REPRESENTATIVE.
Field in data file exceeds maximum length
Record 17: Rejected - Error on table CUSTOMERS, column SSTATE.
Column not found before end of logical record (use TRAILING NULLCOLS)
Record 18: Rejected - Error on table CUSTOMERS, column MNAME.
Column not found before end of logical record (use TRAILING NULLCOLS)
Record 19: Rejected - Error on table CUSTOMERS, column MNAME.
Column not found before end of logical record (use TRAILING NULLCOLS)
Record 20: Rejected - Error on table CUSTOMERS, column PHONENUM.
Field in data file exceeds maximum length
Record 21: Rejected - Error on table CUSTOMERS, column PHONENUM.
Column not found before end of logical record (use TRAILING NULLCOLS)
Record 12: Rejected - Error on table CUSTOMERS, column REPRESENTATIVE.
ORA-01722: invalid number

Record 22: Rejected - Error on table CUSTOMERS, column PHONENUM.
Field in data file exceeds maximum length

Table CUSTOMERS:
  0 Rows successfully loaded.
  22 Rows not loaded due to data errors.
  0 Rows not loaded because all WHEN clauses were failed.
  0 Rows not loaded because all fields were null.


Space allocated for bind array:                 132096 bytes(64 rows)
Read   buffer bytes: 1048576

Total logical records skipped:          0
Total logical records read:            22
Total logical records rejected:        22
Total logical records discarded:        0

Run began on Wed Apr 17 04:42:46 2019
Run ended on Wed Apr 17 04:42:46 2019

Elapsed time was:     00:00:00.13
CPU time was:         00:00:00.03
