
SQL*Loader: Release 12.2.0.1.0 - Production on Wed Apr 17 18:24:21 2019

Copyright (c) 1982, 2017, Oracle and/or its affiliates.  All rights reserved.

Control File:   loader4.ctl
Data File:      customers.csv
  Bad File:     customers.bad
  Discard File:  none specified
 
 (Allow all discards)

Number to load: ALL
Number to skip: 0
Errors allowed: 50
Bind array:     64 rows, maximum of 256000 bytes
Continuation:    none specified
Path used:      Conventional

Table CUSTOMERS, loaded from every logical record.
Insert option in effect for this table: INSERT

   Column Name                  Position   Len  Term Encl Datatype
------------------------------ ---------- ----- ---- ---- ---------------------
REPRESENTATIVE                      FIRST     *   ,       CHARACTER            
PHONENUM                             NEXT     *   ,       CHARACTER            
MNAME                                NEXT     *   ,       CHARACTER            
LNAME                                NEXT     *   ,       CHARACTER            
SSTATE                               NEXT     *   ,       CHARACTER            
STREET                               NEXT     *   ,       CHARACTER            
FNAME                                NEXT     *   ,       CHARACTER            
EMAIL                                NEXT     *   ,       CHARACTER            

Record 34: Rejected - Error on table CUSTOMERS, column EMAIL.
ORA-12899: value too large for column "ZDY262"."CUSTOMERS"."EMAIL" (actual: 33, maximum: 30)


Table CUSTOMERS:
  99 Rows successfully loaded.
  1 Row not loaded due to data errors.
  0 Rows not loaded because all WHEN clauses were failed.
  0 Rows not loaded because all fields were null.


Space allocated for bind array:                 132096 bytes(64 rows)
Read   buffer bytes: 1048576

Total logical records skipped:          0
Total logical records read:           100
Total logical records rejected:         1
Total logical records discarded:        0

Run began on Wed Apr 17 18:24:21 2019
Run ended on Wed Apr 17 18:24:21 2019

Elapsed time was:     00:00:00.15
CPU time was:         00:00:00.04
