
SQL*Loader: Release 12.2.0.1.0 - Production on Wed Apr 17 18:32:27 2019

Copyright (c) 1982, 2017, Oracle and/or its affiliates.  All rights reserved.

Control File:   loader6.ctl
Data File:      manages.csv
  Bad File:     manages.bad
  Discard File:  none specified
 
 (Allow all discards)

Number to load: ALL
Number to skip: 0
Errors allowed: 50
Bind array:     64 rows, maximum of 256000 bytes
Continuation:    none specified
Path used:      Conventional

Table MANAGES, loaded from every logical record.
Insert option in effect for this table: INSERT

   Column Name                  Position   Len  Term Encl Datatype
------------------------------ ---------- ----- ---- ---- ---------------------
EMPLOYEEID                          FIRST     *   ,       CHARACTER            
MANAGERID                            NEXT     *   ,       CHARACTER            

Record 1: Rejected - Error on table MANAGES, column MANAGERID.
ORA-01722: invalid number

Record 2: Rejected - Error on table MANAGES, column MANAGERID.
ORA-01722: invalid number

Record 3: Rejected - Error on table MANAGES, column MANAGERID.
ORA-01722: invalid number

Record 4: Rejected - Error on table MANAGES, column MANAGERID.
ORA-01722: invalid number

Record 5: Rejected - Error on table MANAGES, column MANAGERID.
ORA-01722: invalid number

Record 6: Rejected - Error on table MANAGES, column MANAGERID.
ORA-01722: invalid number

Record 7: Rejected - Error on table MANAGES, column MANAGERID.
ORA-01722: invalid number

Record 8: Rejected - Error on table MANAGES, column MANAGERID.
ORA-01722: invalid number

Record 9: Rejected - Error on table MANAGES, column MANAGERID.
ORA-01722: invalid number

Record 10: Rejected - Error on table MANAGES, column MANAGERID.
ORA-01722: invalid number

Record 11: Rejected - Error on table MANAGES, column MANAGERID.
ORA-01722: invalid number

Record 12: Rejected - Error on table MANAGES, column MANAGERID.
ORA-01722: invalid number

Record 13: Rejected - Error on table MANAGES, column MANAGERID.
ORA-01722: invalid number

Record 14: Rejected - Error on table MANAGES, column MANAGERID.
ORA-01722: invalid number

Record 15: Rejected - Error on table MANAGES, column MANAGERID.
ORA-01722: invalid number

Record 16: Rejected - Error on table MANAGES, column MANAGERID.
ORA-01722: invalid number

Record 17: Rejected - Error on table MANAGES, column MANAGERID.
ORA-01722: invalid number

Record 18: Rejected - Error on table MANAGES, column MANAGERID.
ORA-01722: invalid number

Record 19: Rejected - Error on table MANAGES, column MANAGERID.
ORA-01722: invalid number

Record 20: Rejected - Error on table MANAGES, column MANAGERID.
ORA-01722: invalid number

Record 21: Rejected - Error on table MANAGES, column MANAGERID.
ORA-01722: invalid number

Record 22: Rejected - Error on table MANAGES, column MANAGERID.
ORA-01722: invalid number

Record 23: Rejected - Error on table MANAGES, column MANAGERID.
ORA-01722: invalid number

Record 24: Rejected - Error on table MANAGES, column MANAGERID.
ORA-01722: invalid number

Record 25: Rejected - Error on table MANAGES, column MANAGERID.
ORA-01722: invalid number


Table MANAGES:
  0 Rows successfully loaded.
  25 Rows not loaded due to data errors.
  0 Rows not loaded because all WHEN clauses were failed.
  0 Rows not loaded because all fields were null.


Space allocated for bind array:                  33024 bytes(64 rows)
Read   buffer bytes: 1048576

Total logical records skipped:          0
Total logical records read:            25
Total logical records rejected:        25
Total logical records discarded:        0

Run began on Wed Apr 17 18:32:27 2019
Run ended on Wed Apr 17 18:32:27 2019

Elapsed time was:     00:00:00.14
CPU time was:         00:00:00.04
